<?xml version="1.0" encoding="UTF-8"?>
<testsuite xmlns:xsi="http://www.w3.org/2001/XMLSchema-instance" xsi:noNamespaceSchemaLocation="https://maven.apache.org/surefire/maven-surefire-plugin/xsd/surefire-test-report-3.0.xsd" version="3.0" name="dev.hikari.oishibasho.OishibashoApplicationTests" time="5.851" tests="1" errors="0" skipped="0" failures="0">
  <properties>
[...]
</properties>
  <testcase name="contextLoads" classname="dev.hikari.oishibasho.OishibashoApplicationTests" time="0.51">
    <system-out><![CDATA[09:20:24.047 [main] INFO org.springframework.test.context.support.AnnotationConfigContextLoaderUtils -- Could not detect default configuration classes for test class [dev.hikari.oishibasho.OishibashoApplicationTests]: OishibashoApplicationTests does not declare any static, non-private, non-final, nested classes annotated with @Configuration.
09:20:24.189 [main] INFO org.springframework.boot.test.context.SpringBootTestContextBootstrapper -- Found @SpringBootConfiguration dev.hikari.oishibasho.OishibashoApplication for test class dev.hikari.oishibasho.OishibashoApplicationTests

  .   ____          _            __ _ _
 /\\ / ___'_ __ _ _(_)_ __  __ _ \ \ \ \
( ( )\___ | '_ | '_| | '_ \/ _` | \ \ \ \
 \\/  ___)| |_)| | | | | || (_| |  ) ) ) )
  '  |____| .__|_| |_|_| |_\__, | / / / /
 =========|_|==============|___/=/_/_/_/
 :: Spring Boot ::                (v3.2.0)

2023-12-08T09:20:24.657+07:00  INFO 17140 --- [           main] d.h.o.OishibashoApplicationTests         : Starting OishibashoApplicationTests using Java 17.0.8 with PID 17140 (started by Admin in D:\JavaProject\oishibasho)
2023-12-08T09:20:24.658+07:00  INFO 17140 --- [           main] d.h.o.OishibashoApplicationTests         : No active profile set, falling back to 1 default profile: "default"
2023-12-08T09:20:25.647+07:00  INFO 17140 --- [           main] .s.d.r.c.RepositoryConfigurationDelegate : Bootstrapping Spring Data JPA repositories in DEFAULT mode.
2023-12-08T09:20:25.711+07:00  INFO 17140 --- [           main] .s.d.r.c.RepositoryConfigurationDelegate : Finished Spring Data repository scanning in 54 ms. Found 1 JPA repository interface.
2023-12-08T09:20:26.204+07:00  INFO 17140 --- [           main] o.hibernate.jpa.internal.util.LogHelper  : HHH000204: Processing PersistenceUnitInfo [name: default]
2023-12-08T09:20:26.294+07:00  INFO 17140 --- [           main] org.hibernate.Version                    : HHH000412: Hibernate ORM core version 6.3.1.Final
2023-12-08T09:20:26.340+07:00  INFO 17140 --- [           main] o.h.c.internal.RegionFactoryInitiator    : HHH000026: Second-level cache disabled
2023-12-08T09:20:26.673+07:00  INFO 17140 --- [           main] o.s.o.j.p.SpringPersistenceUnitInfo      : No LoadTimeWeaver setup: ignoring JPA class transformer
2023-12-08T09:20:26.701+07:00  INFO 17140 --- [           main] com.zaxxer.hikari.HikariDataSource       : HikariPool-1 - Starting...
2023-12-08T09:20:27.057+07:00  INFO 17140 --- [           main] com.zaxxer.hikari.pool.HikariPool        : HikariPool-1 - Added connection com.mysql.cj.jdbc.ConnectionImpl@41e8d917
2023-12-08T09:20:27.059+07:00  INFO 17140 --- [           main] com.zaxxer.hikari.HikariDataSource       : HikariPool-1 - Start completed.
2023-12-08T09:20:27.915+07:00  INFO 17140 --- [           main] o.h.m.i.EntityInstantiatorPojoStandard   : HHH000182: No default (no-argument) constructor for class: dev.hikari.oishibasho.domain.food.entity.Food (class must be instantiated by Interceptor)
2023-12-08T09:20:27.956+07:00  INFO 17140 --- [           main] o.h.m.i.EntityInstantiatorPojoStandard   : HHH000182: No default (no-argument) constructor for class: dev.hikari.oishibasho.domain.special_rating.entity.SpecialRating (class must be instantiated by Interceptor)
2023-12-08T09:20:27.968+07:00  INFO 17140 --- [           main] o.h.m.i.EntityInstantiatorPojoStandard   : HHH000182: No default (no-argument) constructor for class: dev.hikari.oishibasho.domain.restaurant.entity.Restaurant (class must be instantiated by Interceptor)
2023-12-08T09:20:27.979+07:00  INFO 17140 --- [           main] o.h.m.i.EntityInstantiatorPojoStandard   : HHH000182: No default (no-argument) constructor for class: dev.hikari.oishibasho.domain.rating.entity.Rating (class must be instantiated by Interceptor)
2023-12-08T09:20:27.992+07:00  INFO 17140 --- [           main] o.h.m.i.EntityInstantiatorPojoStandard   : HHH000182: No default (no-argument) constructor for class: dev.hikari.oishibasho.domain.user.entity.User (class must be instantiated by Interceptor)
2023-12-08T09:20:28.149+07:00  INFO 17140 --- [           main] o.h.e.t.j.p.i.JtaPlatformInitiator       : HHH000489: No JTA platform available (set 'hibernate.transaction.jta.platform' to enable JTA platform integration)
2023-12-08T09:20:28.274+07:00  INFO 17140 --- [           main] j.LocalContainerEntityManagerFactoryBean : Initialized JPA EntityManagerFactory for persistence unit 'default'
2023-12-08T09:20:28.572+07:00  INFO 17140 --- [           main] o.s.d.j.r.query.QueryEnhancerFactory     : Hibernate is in classpath; If applicable, HQL parser will be used.
2023-12-08T09:20:28.765+07:00  WARN 17140 --- [           main] JpaBaseConfiguration$JpaWebConfiguration : spring.jpa.open-in-view is enabled by default. Therefore, database queries may be performed during view rendering. Explicitly configure spring.jpa.open-in-view to disable this warning
2023-12-08T09:20:29.149+07:00  INFO 17140 --- [           main] d.h.o.OishibashoApplicationTests         : Started OishibashoApplicationTests in 4.757 seconds (process running for 6.04)
]]></system-out>
  </testcase>
</testsuite>